<?xml version="1.0" encoding="UTF-8"?>
<testng-results ignored="0" total="1" passed="1" failed="0" skipped="0">
  <reporter-output>
  </reporter-output>
  <suite started-at="2023-06-26T13:30:51 IST" name="Default suite" finished-at="2023-06-26T13:30:59 IST" duration-ms="7817">
    <groups>
    </groups>
    <test started-at="2023-06-26T13:30:51 IST" name="Default test" finished-at="2023-06-26T13:30:59 IST" duration-ms="7817">
      <class name="Selenium.Project.CompDatabaseTest">
        <test-method signature="computerBase()[pri:0, instance:Selenium.Project.CompDatabaseTest@4efac082]" started-at="2023-06-26T13:30:51 IST" name="computerBase" finished-at="2023-06-26T13:30:59 IST" duration-ms="7612" status="PASS">
          <reporter-output>
          </reporter-output>
        </test-method> <!-- computerBase -->
        <test-method is-config="true" signature="afterTest()[pri:0, instance:Selenium.Project.CompDatabaseTest@4efac082]" started-at="2023-06-26T13:30:59 IST" name="afterTest" finished-at="2023-06-26T13:30:59 IST" duration-ms="164" status="PASS">
          <reporter-output>
          </reporter-output>
        </test-method> <!-- afterTest -->
      </class> <!-- Selenium.Project.CompDatabaseTest -->
    </test> <!-- Default test -->
  </suite> <!-- Default suite -->
</testng-results>
